[0m13:18:09.910811 [debug] [MainThread]: Sending event: {'category': 'dbt', 'action': 'invocation', 'label': 'start', 'context': [<snowplow_tracker.self_describing_json.SelfDescribingJson object at 0x1068c9f10>, <snowplow_tracker.self_describing_json.SelfDescribingJson object at 0x10949f260>, <snowplow_tracker.self_describing_json.SelfDescribingJson object at 0x10949ede0>]}


============================== 13:18:09.913865 | 73e2444d-8016-42a5-93e4-a19e8b19c15c ==============================
[0m13:18:09.913865 [info ] [MainThread]: Running with dbt=1.11.10
[0m13:18:09.914210 [debug] [MainThread]: running dbt with arguments {'static_parser': 'True', 'printer_width': '80', 'target_path': 'None', 'indirect_selection': 'eager', 'invocation_command': 'dbt init', 'fail_fast': 'False', 'warn_error': 'None', 'version_check': 'True', 'partial_parse': 'True', 'empty': 'None', 'send_anonymous_usage_stats': 'True', 'debug': 'False', 'warn_error_options': 'WarnErrorOptionsV2(error=[], warn=[], silence=[])', 'cache_selected_only': 'False', 'use_experimental_parser': 'False', 'use_colors': 'True', 'introspect': 'True', 'no_print': 'None', 'log_format': 'default', 'log_path': 'logs', 'quiet': 'False', 'write_json': 'True', 'profiles_dir': '/Users/marialucialf/.dbt', 'log_cache_events': 'False'}
[0m13:18:09.920571 [info ] [MainThread]: Creating dbt configuration folder at /Users/marialucialf/.dbt
[0m13:19:32.285718 [debug] [MainThread]: Starter project path: /Users/marialucialf/Documents/Jornada de Dados/Projeto ecommerce/.venv/lib/python3.12/site-packages/dbt/include/starter_project
[0m13:19:32.293947 [info ] [MainThread]: 
Your new dbt project "EcommerceAoVivo" was created!

For more information on how to configure the profiles.yml file,
please consult the dbt documentation here:

  https://docs.getdbt.com/docs/configure-your-profile

One more thing:

Need help? Don't hesitate to reach out to us via GitHub issues or on Slack:

  https://community.getdbt.com/

Happy modeling!

[0m13:19:32.294319 [info ] [MainThread]: Setting up your profile.
[0m13:22:32.712815 [info ] [MainThread]: Profile EcommerceAoVivo written to /Users/marialucialf/.dbt/profiles.yml using target's profile_template.yml and your supplied values. Run 'dbt debug' to validate the connection.
[0m13:22:33.170204 [debug] [MainThread]: Resource report: {"command_name": "init", "command_success": true, "command_wall_clock_time": 263.38068, "process_in_blocks": "0", "process_kernel_time": 0.178505, "process_mem_max_rss": "116162560", "process_out_blocks": "0", "process_user_time": 0.808513}
[0m13:22:33.171450 [debug] [MainThread]: Command `dbt init` succeeded at 13:22:33.171256 after 263.38 seconds
[0m13:22:33.172145 [debug] [MainThread]: Sending event: {'category': 'dbt', 'action': 'invocation', 'label': 'end', 'context': [<snowplow_tracker.self_describing_json.SelfDescribingJson object at 0x1002ceab0>, <snowplow_tracker.self_describing_json.SelfDescribingJson object at 0x10949f260>, <snowplow_tracker.self_describing_json.SelfDescribingJson object at 0x10949ecf0>]}
[0m13:22:33.172738 [debug] [MainThread]: Flushing usage events
[0m13:22:34.290188 [debug] [MainThread]: An error was encountered while trying to flush usage events
